This is pdfTeX, Version 3.1415926-2.3-1.40.12 (MiKTeX 2.9) (preloaded format=pdflatex 2014.9.16)  25 SEP 2014 11:08
entering extended mode
**C:/Users/IBM_ADMIN/Downloads/Paper_Prepare/Draft_TMM/Draft_TMM_Double/double.
tex

(C:/Users/IBM_ADMIN/Downloads/Paper_Prepare/Draft_TMM/Draft_TMM_Double/double.t
ex
LaTeX2e <2011/06/27>
Babel <v3.8m> and hyphenation patterns for loaded.

(C:\Users\IBM_ADMIN\Downloads\Paper_Prepare\Draft_TMM\Draft_TMM_Double\IEEEtran
.cls
Document Class: IEEEtran 2007/03/05 V1.7a by Michael Shell
-- See the "IEEEtran_HOWTO" manual for usage information.
-- http://www.michaelshell.org/tex/ieeetran/
\@IEEEtrantmpdimenA=\dimen102
\@IEEEtrantmpdimenB=\dimen103
\@IEEEtrantmpcountA=\count79
\@IEEEtrantmpcountB=\count80
\@IEEEtrantmptoksA=\toks14
LaTeX Font Info:    Try loading font information for OT1+ptm on input line 366.

(C:\CTEX\MiKTeX\tex\latex\psnfss\ot1ptm.fd
File: ot1ptm.fd 2001/06/04 font definitions for OT1/ptm.
)
-- Using 8.5in x 11in (letter) paper.
-- Using PDF output.
\@IEEEnormalsizeunitybaselineskip=\dimen104
-- This is an 11 point document.
\CLASSINFOnormalsizebaselineskip=\dimen105
\CLASSINFOnormalsizeunitybaselineskip=\dimen106
\IEEEnormaljot=\dimen107
LaTeX Font Info:    Font shape `OT1/ptm/bx/n' in size <6> not available
(Font)              Font shape `OT1/ptm/b/n' tried instead on input line 724.
LaTeX Font Info:    Font shape `OT1/ptm/bx/it' in size <6> not available
(Font)              Font shape `OT1/ptm/b/it' tried instead on input line 724.
LaTeX Font Info:    Font shape `OT1/ptm/bx/n' in size <8> not available
(Font)              Font shape `OT1/ptm/b/n' tried instead on input line 724.
LaTeX Font Info:    Font shape `OT1/ptm/bx/it' in size <8> not available
(Font)              Font shape `OT1/ptm/b/it' tried instead on input line 724.
LaTeX Font Info:    Font shape `OT1/ptm/bx/n' in size <9> not available
(Font)              Font shape `OT1/ptm/b/n' tried instead on input line 724.
LaTeX Font Info:    Font shape `OT1/ptm/bx/it' in size <9> not available
(Font)              Font shape `OT1/ptm/b/it' tried instead on input line 724.
LaTeX Font Info:    Font shape `OT1/ptm/bx/n' in size <10> not available
(Font)              Font shape `OT1/ptm/b/n' tried instead on input line 724.
LaTeX Font Info:    Font shape `OT1/ptm/bx/it' in size <10> not available
(Font)              Font shape `OT1/ptm/b/it' tried instead on input line 724.
LaTeX Font Info:    Font shape `OT1/ptm/bx/n' in size <11> not available
(Font)              Font shape `OT1/ptm/b/n' tried instead on input line 724.
LaTeX Font Info:    Font shape `OT1/ptm/bx/it' in size <11> not available
(Font)              Font shape `OT1/ptm/b/it' tried instead on input line 724.
LaTeX Font Info:    Font shape `OT1/ptm/bx/n' in size <12> not available
(Font)              Font shape `OT1/ptm/b/n' tried instead on input line 724.
LaTeX Font Info:    Font shape `OT1/ptm/bx/it' in size <12> not available
(Font)              Font shape `OT1/ptm/b/it' tried instead on input line 724.
LaTeX Font Info:    Font shape `OT1/ptm/bx/n' in size <17> not available
(Font)              Font shape `OT1/ptm/b/n' tried instead on input line 724.
LaTeX Font Info:    Font shape `OT1/ptm/bx/it' in size <17> not available
(Font)              Font shape `OT1/ptm/b/it' tried instead on input line 724.
LaTeX Font Info:    Font shape `OT1/ptm/bx/n' in size <20> not available
(Font)              Font shape `OT1/ptm/b/n' tried instead on input line 724.
LaTeX Font Info:    Font shape `OT1/ptm/bx/it' in size <20> not available
(Font)              Font shape `OT1/ptm/b/it' tried instead on input line 724.
LaTeX Font Info:    Font shape `OT1/ptm/bx/n' in size <24> not available
(Font)              Font shape `OT1/ptm/b/n' tried instead on input line 724.
LaTeX Font Info:    Font shape `OT1/ptm/bx/it' in size <24> not available
(Font)              Font shape `OT1/ptm/b/it' tried instead on input line 724.
\IEEEilabelindentA=\dimen108
\IEEEilabelindentB=\dimen109
\IEEEilabelindent=\dimen110
\IEEEelabelindent=\dimen111
\IEEEdlabelindent=\dimen112
\IEEElabelindent=\dimen113
\IEEEiednormlabelsep=\dimen114
\IEEEiedmathlabelsep=\dimen115
\IEEEiedtopsep=\skip41
\c@section=\count81
\c@subsection=\count82
\c@subsubsection=\count83
\c@paragraph=\count84
\c@IEEEsubequation=\count85
\abovecaptionskip=\skip42
\belowcaptionskip=\skip43
\c@figure=\count86
\c@table=\count87
\@IEEEeqnnumcols=\count88
\@IEEEeqncolcnt=\count89
\@IEEEtmpitemindent=\dimen116
\c@IEEEbiography=\count90
\@IEEEtranrubishbin=\box26
) (C:\CTEX\MiKTeX\tex\latex\graphics\graphicx.sty
Package: graphicx 1999/02/16 v1.0f Enhanced LaTeX Graphics (DPC,SPQR)

(C:\CTEX\MiKTeX\tex\latex\graphics\keyval.sty
Package: keyval 1999/03/16 v1.13 key=value parser (DPC)
\KV@toks@=\toks15
)
(C:\CTEX\MiKTeX\tex\latex\graphics\graphics.sty
Package: graphics 2009/02/05 v1.0o Standard LaTeX Graphics (DPC,SPQR)

(C:\CTEX\MiKTeX\tex\latex\graphics\trig.sty
Package: trig 1999/03/16 v1.09 sin cos tan (DPC)
)
(C:\CTEX\MiKTeX\tex\latex\00miktex\graphics.cfg
File: graphics.cfg 2007/01/18 v1.5 graphics configuration of teTeX/TeXLive
)
Package graphics Info: Driver file: pdftex.def on input line 91.

(C:\CTEX\MiKTeX\tex\latex\pdftex-def\pdftex.def
File: pdftex.def 2011/05/27 v0.06d Graphics/color for pdfTeX

(C:\CTEX\MiKTeX\tex\generic\oberdiek\infwarerr.sty
Package: infwarerr 2010/04/08 v1.3 Providing info/warning/message (HO)
)
(C:\CTEX\MiKTeX\tex\generic\oberdiek\ltxcmds.sty
Package: ltxcmds 2011/04/18 v1.20 LaTeX kernel commands for general use (HO)
)
\Gread@gobject=\count91
))
\Gin@req@height=\dimen117
\Gin@req@width=\dimen118
)
(C:\CTEX\MiKTeX\tex\latex\base\latexsym.sty
Package: latexsym 1998/08/17 v2.2e Standard LaTeX package (lasy symbols)
\symlasy=\mathgroup4
LaTeX Font Info:    Overwriting symbol font `lasy' in version `bold'
(Font)                  U/lasy/m/n --> U/lasy/b/n on input line 47.
)
(C:\CTEX\MiKTeX\tex\latex\ams\math\amsmath.sty
Package: amsmath 2000/07/18 v2.13 AMS math features
\@mathmargin=\skip44

For additional information on amsmath, use the `?' option.
(C:\CTEX\MiKTeX\tex\latex\ams\math\amstext.sty
Package: amstext 2000/06/29 v2.01

(C:\CTEX\MiKTeX\tex\latex\ams\math\amsgen.sty
File: amsgen.sty 1999/11/30 v2.0
\@emptytoks=\toks16
\ex@=\dimen119
))
(C:\CTEX\MiKTeX\tex\latex\ams\math\amsbsy.sty
Package: amsbsy 1999/11/29 v1.2d
\pmbraise@=\dimen120
)
(C:\CTEX\MiKTeX\tex\latex\ams\math\amsopn.sty
Package: amsopn 1999/12/14 v2.01 operator names
)
\inf@bad=\count92
LaTeX Info: Redefining \frac on input line 211.
\uproot@=\count93
\leftroot@=\count94
LaTeX Info: Redefining \overline on input line 307.
\classnum@=\count95
\DOTSCASE@=\count96
LaTeX Info: Redefining \ldots on input line 379.
LaTeX Info: Redefining \dots on input line 382.
LaTeX Info: Redefining \cdots on input line 467.
\Mathstrutbox@=\box27
\strutbox@=\box28
\big@size=\dimen121
LaTeX Font Info:    Redeclaring font encoding OML on input line 567.
LaTeX Font Info:    Redeclaring font encoding OMS on input line 568.
\macc@depth=\count97
\c@MaxMatrixCols=\count98
\dotsspace@=\muskip10
\c@parentequation=\count99
\dspbrk@lvl=\count100
\tag@help=\toks17
\row@=\count101
\column@=\count102
\maxfields@=\count103
\andhelp@=\toks18
\eqnshift@=\dimen122
\alignsep@=\dimen123
\tagshift@=\dimen124
\tagwidth@=\dimen125
\totwidth@=\dimen126
\lineht@=\dimen127
\@envbody=\toks19
\multlinegap=\skip45
\multlinetaggap=\skip46
\mathdisplay@stack=\toks20
LaTeX Info: Redefining \[ on input line 2666.
LaTeX Info: Redefining \] on input line 2667.
)
(C:\CTEX\MiKTeX\tex\latex\amsfonts\amssymb.sty
Package: amssymb 2009/06/22 v3.00

(C:\CTEX\MiKTeX\tex\latex\amsfonts\amsfonts.sty
Package: amsfonts 2009/06/22 v3.00 Basic AMSFonts support
\symAMSa=\mathgroup5
\symAMSb=\mathgroup6
LaTeX Font Info:    Overwriting math alphabet `\mathfrak' in version `bold'
(Font)                  U/euf/m/n --> U/euf/b/n on input line 96.
))
(C:\CTEX\MiKTeX\tex\latex\tools\bm.sty
Package: bm 2004/02/26 v1.1c Bold Symbol Support (DPC/FMi)
\symboldoperators=\mathgroup7
\symboldletters=\mathgroup8
\symboldsymbols=\mathgroup9
\symboldlasy=\mathgroup10
LaTeX Font Info:    Redeclaring math alphabet \mathbf on input line 138.
LaTeX Info: Redefining \bm on input line 204.
)
(C:\CTEX\MiKTeX\tex\latex\ltxmisc\url.sty
\Urlmuskip=\muskip11
Package: url 2006/04/12  ver 3.3  Verb mode for urls, etc.
)
(C:\CTEX\UserData\tex\latex\preprint\balance.sty
Package: balance 1999/02/23 4.3 (PWD)
\oldvsize=\dimen128
)
(C:\CTEX\UserData\tex\latex\algorithms\algorithm.sty
Package: algorithm 2009/08/24 v0.1 Document Style `algorithm' - floating enviro
nment

(C:\CTEX\MiKTeX\tex\latex\float\float.sty
Package: float 2001/11/08 v1.3d Float enhancements (AL)
\c@float@type=\count104
\float@exts=\toks21
\float@box=\box29
\@float@everytoks=\toks22
\@floatcapt=\box30
)
(C:\CTEX\MiKTeX\tex\latex\base\ifthen.sty
Package: ifthen 2001/05/26 v1.1c Standard LaTeX ifthen package (DPC)
)
\@float@every@algorithm=\toks23
\c@algorithm=\count105
)
(C:\CTEX\UserData\tex\latex\algorithms\algorithmic.sty
Package: algorithmic 2009/08/24 v0.1 Document Style `algorithmic'
\c@ALC@unique=\count106
\c@ALC@line=\count107
\c@ALC@rem=\count108
\c@ALC@depth=\count109
\ALC@tlm=\skip47
\algorithmicindent=\skip48
)
(C:\CTEX\UserData\tex\latex\subfigure\subfigure.sty
Package: subfigure 2002/07/30 v2.1.4 subfigure package
\subfigtopskip=\skip49
\subfigcapskip=\skip50
\subfigcaptopadj=\dimen129
\subfigbottomskip=\skip51
\subfigcapmargin=\dimen130
\subfiglabelskip=\skip52
\c@subfigure=\count110
\c@lofdepth=\count111
\c@subtable=\count112
\c@lotdepth=\count113

****************************************
* Local config file subfigure.cfg used *
****************************************
(C:\CTEX\UserData\tex\latex\subfigure\subfigure.cfg)
\subfig@top=\skip53
\subfig@bottom=\skip54
)
(C:\CTEX\UserData\tex\latex\sttools\flushend.sty
Package: flushend 2014/04/24 v2.2 Balancing columns in twocolumn mode
\flushend@@lastskip@a=\skip55
\flushend@@lastskip@b=\skip56
\flushend@@lastskip@c=\skip57
\flushend@@penalty@a=\count114
\flushend@@lastkern@a=\dimen131
\var@@temp@spread=\dimen132
\var@@temp@a=\dimen133
\flushend@@page@rule=\dimen134
\flushend@@varbox@a=\box31
\flushend@@varbox@c=\box32
\flushend@@tempbox@a=\box33
\flushend@@tempbox@c=\box34
\@viper=\box35
\hold@viper=\box36
\atColsBreak=\toks24
\atColsEnd=\toks25

(C:\CTEX\MiKTeX\tex\latex\etoolbox\etoolbox.sty
Package: etoolbox 2011/01/03 v2.1 e-TeX tools for LaTeX

(C:\CTEX\MiKTeX\tex\latex\misc\etex.sty
Package: etex 1998/03/26 v2.0 eTeX basic definition package (PEB)
\et@xins=\count115
)
\etb@tempcnta=\count116
))
(C:\CTEX\MiKTeX\tex\latex\tools\tabularx.sty
Package: tabularx 1999/01/07 v2.07 `tabularx' package (DPC)

(C:\CTEX\MiKTeX\tex\latex\tools\array.sty
Package: array 2008/09/09 v2.4c Tabular extension package (FMi)
\col@sep=\dimen135
\extrarowheight=\dimen136
\NC@list=\toks26
\extratabsurround=\skip58
\backup@length=\skip59
)
\TX@col@width=\dimen137
\TX@old@table=\dimen138
\TX@old@col=\dimen139
\TX@target=\dimen140
\TX@delta=\dimen141
\TX@cols=\count117
\TX@ftn=\toks27
)
(C:\CTEX\UserData\tex\latex\natbib\natbib.sty
Package: natbib 2010/09/13 8.31b (PWD, AO)
\bibhang=\skip60
\bibsep=\skip61
LaTeX Info: Redefining \cite on input line 694.
\c@NAT@ctr=\count118
)
(C:\CTEX\MiKTeX\tex\latex\graphics\color.sty
Package: color 2005/11/14 v1.0j Standard LaTeX Color (DPC)

(C:\CTEX\MiKTeX\tex\latex\00miktex\color.cfg
File: color.cfg 2007/01/18 v1.5 color configuration of teTeX/TeXLive
)
Package color Info: Driver file: pdftex.def on input line 130.
)
(C:\Users\IBM_ADMIN\Downloads\Paper_Prepare\Draft_TMM\Draft_TMM_Double\double.a
ux)
LaTeX Font Info:    Checking defaults for OML/cmm/m/it on input line 25.
LaTeX Font Info:    ... okay on input line 25.
LaTeX Font Info:    Checking defaults for T1/cmr/m/n on input line 25.
LaTeX Font Info:    ... okay on input line 25.
LaTeX Font Info:    Checking defaults for OT1/cmr/m/n on input line 25.
LaTeX Font Info:    ... okay on input line 25.
LaTeX Font Info:    Checking defaults for OMS/cmsy/m/n on input line 25.
LaTeX Font Info:    ... okay on input line 25.
LaTeX Font Info:    Checking defaults for OMX/cmex/m/n on input line 25.
LaTeX Font Info:    ... okay on input line 25.
LaTeX Font Info:    Checking defaults for U/cmr/m/n on input line 25.
LaTeX Font Info:    ... okay on input line 25.
 (C:\CTEX\MiKTeX\tex\context\base\supp-pdf.mkii
[Loading MPS to PDF converter (version 2006.09.02).]
\scratchcounter=\count119
\scratchdimen=\dimen142
\scratchbox=\box37
\nofMPsegments=\count120
\nofMParguments=\count121
\everyMPshowfont=\toks28
\MPscratchCnt=\count122
\MPscratchDim=\dimen143
\MPnumerator=\count123
\makeMPintoPDFobject=\count124
\everyMPtoPDFconversion=\toks29
)
LaTeX Font Info:    Try loading font information for U+lasy on input line 53.
 (C:\CTEX\MiKTeX\tex\latex\base\ulasy.fd
File: ulasy.fd 1998/08/17 v2.2e LaTeX symbol font definitions
)
LaTeX Font Info:    Try loading font information for U+msa on input line 53.

(C:\CTEX\MiKTeX\tex\latex\amsfonts\umsa.fd
File: umsa.fd 2009/06/22 v3.00 AMS symbols A
)
LaTeX Font Info:    Try loading font information for U+msb on input line 53.

(C:\CTEX\MiKTeX\tex\latex\amsfonts\umsb.fd
File: umsb.fd 2009/06/22 v3.00 AMS symbols B
)
LaTeX Font Info:    Font shape `U/lasy/b/n' in size <7> not available
(Font)              Font shape `U/lasy/m/n' tried instead on input line 53.
LaTeX Font Info:    Font shape `U/lasy/b/n' in size <5> not available
(Font)              Font shape `U/lasy/m/n' tried instead on input line 53.
LaTeX Font Info:    Calculating math sizes for size <11> on input line 71.
LaTeX Font Info:    Font shape `U/lasy/b/n' in size <7.69997> not available
(Font)              Font shape `U/lasy/m/n' tried instead on input line 71.
LaTeX Font Info:    Font shape `U/lasy/b/n' in size <5.5> not available
(Font)              Font shape `U/lasy/m/n' tried instead on input line 71.
LaTeX Font Info:    Font shape `U/lasy/b/n' in size <9> not available
(Font)              Font shape `U/lasy/m/n' tried instead on input line 71.
LaTeX Font Info:    Font shape `U/lasy/b/n' in size <6> not available
(Font)              Font shape `U/lasy/m/n' tried instead on input line 71.

<fig1.pdf, id=1, 692.73576pt x 347.50829pt>
File: fig1.pdf Graphic file (type pdf)
 <use fig1.pdf>
Package pdftex.def Info: fig1.pdf used on input line 79.
(pdftex.def)             Requested size: 247.6778pt x 124.24918pt.
 [1{C:/CTEX/UserData/pdftex/config/pdftex.map{Unicode.sfd}{UGBK.sfd}}


 <C:/Users/IBM_ADMIN/Downloads/Paper_Prepare/Draft_TMM/Draft_TMM_Double/fig1.pd
f>]
<fig2.pdf, id=39, 658.5171pt x 137.6342pt>
File: fig2.pdf Graphic file (type pdf)
 <use fig2.pdf>
Package pdftex.def Info: fig2.pdf used on input line 94.
(pdftex.def)             Requested size: 464.39685pt x 97.06361pt.
 [2]
Underfull \vbox (badness 2012) has occurred while \output is active []

 [3 <C:/Users/IBM_ADMIN/Downloads/Paper_Prepare/Draft_TMM/Draft_TMM_Double/fig2
.pdf>]

LaTeX Warning: `h' float specifier changed to `ht'.


Overfull \hbox (6.41441pt too wide) in paragraph at lines 198--210
 [][] 
 []


LaTeX Warning: `h' float specifier changed to `ht'.


Underfull \vbox (badness 7064) has occurred while \output is active []

 [4]
<fig4.pdf, id=76, 539.89282pt x 468.41377pt>
File: fig4.pdf Graphic file (type pdf)
 <use fig4.pdf>
Package pdftex.def Info: fig4.pdf used on input line 254.
(pdftex.def)             Requested size: 247.6778pt x 214.88686pt.

<fig3.pdf, id=77, 725.71124pt x 272.01625pt>
File: fig3.pdf Graphic file (type pdf)
 <use fig3.pdf>
Package pdftex.def Info: fig3.pdf used on input line 261.
(pdftex.def)             Requested size: 438.60315pt x 164.40224pt.
LaTeX Font Info:    Try loading font information for OMS+ptm on input line 276.


(C:\CTEX\MiKTeX\tex\latex\psnfss\omsptm.fd
File: omsptm.fd 
)
LaTeX Font Info:    Font shape `OMS/ptm/m/n' in size <11> not available
(Font)              Font shape `OMS/cmsy/m/n' tried instead on input line 276.
Missing character: There is no “ in font ptmr7t!
Missing character: There is no ” in font ptmr7t!

Underfull \hbox (badness 2158) in paragraph at lines 284--287
\OT1/ptm/m/n/11 non-linear kernel(Chi-square, Histogram-intersection).
 []


Overfull \hbox (9.38597pt too wide) in paragraph at lines 291--306
 [][] 
 []


LaTeX Warning: `h' float specifier changed to `ht'.

[5 <C:/Users/IBM_ADMIN/Downloads/Paper_Prepare/Draft_TMM/Draft_TMM_Double/fig4.
pdf>] <fig7.pdf, id=115, 418.56375pt x 314.17375pt>
File: fig7.pdf Graphic file (type pdf)
 <use fig7.pdf>
Package pdftex.def Info: fig7.pdf used on input line 344.
(pdftex.def)             Requested size: 258.0pt x 193.65434pt.

Overfull \hbox (6.0pt too wide) in paragraph at lines 344--346
 [][] 
 []


LaTeX Warning: `h' float specifier changed to `ht'.


LaTeX Warning: `h' float specifier changed to `ht'.


Underfull \vbox (badness 5756) has occurred while \output is active []

 [6 <C:/Users/IBM_ADMIN/Downloads/Paper_Prepare/Draft_TMM/Draft_TMM_Double/fig3
.pdf> <C:/Users/IBM_ADMIN/Downloads/Paper_Prepare/Draft_TMM/Draft_TMM_Double/fi
g7.pdf>]
<fig5.pdf, id=128, 680.5425pt x 455.7025pt>
File: fig5.pdf Graphic file (type pdf)
 <use fig5.pdf>
Package pdftex.def Info: fig5.pdf used on input line 379.
(pdftex.def)             Requested size: 247.6778pt x 165.84676pt.

<fig6.pdf, id=129, 679.53876pt x 489.83pt>
File: fig6.pdf Graphic file (type pdf)
 <use fig6.pdf>
Package pdftex.def Info: fig6.pdf used on input line 392.
(pdftex.def)             Requested size: 247.6778pt x 178.5286pt.


LaTeX Warning: `h' float specifier changed to `ht'.


Underfull \vbox (badness 3746) has occurred while \output is active []

 [7 <C:/Users/IBM_ADMIN/Downloads/Paper_Prepare/Draft_TMM/Draft_TMM_Double/fig5
.pdf> <C:/Users/IBM_ADMIN/Downloads/Paper_Prepare/Draft_TMM/Draft_TMM_Double/fi
g6.pdf>]
Underfull \hbox (badness 10000) in paragraph at lines 498--500
$\OT1/ptm/m/it/11 / / www . image-[]net . org / challenges / LSVRC / 2012/$\OT1
/ptm/m/n/11 ,
 []

[8]
- LAST -
Extra skip:0.0pt
Left:107.07678pt/2.27142pt
Right:107.07678pt/2.38141pt
Output:107.07678pt
 [9]
(C:\Users\IBM_ADMIN\Downloads\Paper_Prepare\Draft_TMM\Draft_TMM_Double\double.a
ux) ) 
Here is how much of TeX's memory you used:
 4450 strings out of 495354
 59935 string characters out of 3183859
 127091 words of memory out of 3000000
 7501 multiletter control sequences out of 15000+200000
 57879 words of font info for 134 fonts, out of 3000000 for 9000
 17 hyphenation exceptions out of 8191
 30i,10n,28p,1117b,396s stack positions out of 5000i,500n,10000p,200000b,50000s
{C:/CTEX/MiKTeX/fonts/enc/dvips/fontname/8r.enc}<C:/CTEX/MiKTeX/fonts/type
1/public/amsfonts/cm/cmex10.pfb><C:/CTEX/MiKTeX/fonts/type1/public/amsfonts/cm/
cmmi10.pfb><C:/CTEX/MiKTeX/fonts/type1/public/amsfonts/cm/cmmi6.pfb><C:/CTEX/Mi
KTeX/fonts/type1/public/amsfonts/cm/cmmi8.pfb><C:/CTEX/MiKTeX/fonts/type1/publi
c/amsfonts/cm/cmmi9.pfb><C:/CTEX/MiKTeX/fonts/type1/public/amsfonts/cm/cmr10.pf
b><C:/CTEX/MiKTeX/fonts/type1/public/amsfonts/cm/cmr8.pfb><C:/CTEX/MiKTeX/fonts
/type1/public/amsfonts/cm/cmsy10.pfb><C:/CTEX/MiKTeX/fonts/type1/public/amsfont
s/cm/cmsy8.pfb><C:/CTEX/MiKTeX/fonts/type1/urw/times/utmb8a.pfb><C:/CTEX/MiKTeX
/fonts/type1/urw/times/utmbi8a.pfb><C:/CTEX/MiKTeX/fonts/type1/urw/times/utmr8a
.pfb><C:/CTEX/MiKTeX/fonts/type1/urw/times/utmri8a.pfb>
Output written on double.pdf (9 pages, 978108 bytes).
PDF statistics:
 190 PDF objects out of 1000 (max. 8388607)
 0 named destinations out of 1000 (max. 500000)
 36 words of extra memory for PDF output out of 10000 (max. 10000000)

